(---------------------------------------------------------------------)
(                                                                     )
(    NC DRILL Log                                                     )
(                                                                     )
(    Drawing          : PROIECTTIE.brd                                )
(    Software Version : 16.6-2015S059                                 )
(    Date/Time        : Tue Jun 02 18:24:27 2020                      )
(                                                                     )
(---------------------------------------------------------------------)



 Processing NC Parameters file 'nc_param.txt' ...

 NC PARAMETERS
 -------------

 FORMAT   		2.5
 MACHINE-OFFSET		x:0.00000	y:0.00000   (mm)
 FEEDRATE		1
 COORDINATES		ABSOLUTE
 OUTPUT-UNITS		METRIC
 TOOL-ORDER		INCREASING
 REPEAT-CODES		NO
 SUPPRESS-LEAD-ZEROES	YES
 SUPPRESS-TRAIL-ZEROES	NO
 SUPPRESS-EQUAL		NO
 TOOL-SELECT		YES
 HEADER			none
 LEADER			12
 CODE			ASCII
 SEPARATE		NO
 SEPARATE-ROUTING	NO
 OPTIMIZE_DRILLING	YES
 ENHANCED_EXCELLON	YES
 SCALE			1.000000

 WARNING(SPMHMF-368): Cannot find NC Drill tool file 'nc_tools.txt'
 WARNING(SPMHMF-369): ... will auto-generate tool file 'nc_tools_auto.txt'.


     Auto-generating tool file 'nc_tools_auto.txt' ...

           Size  Plating  Tool        + Tolerance  - Tolerance

         0.3302  P        T01            0.000000     0.000000
         0.6350  P        T02            0.000000     0.000000
         0.9144  P        T03            0.000000     0.000000
         1.0668  P        T04            0.000000     0.000000
         3.2000  N        T05            0.000000     0.000000


Drill files being output to directory 'D:/ORCAD - PROIECTE/PROIECT TIE/allegro' ...



     'DRILLPROIECT-1-2.drl' created for holes connecting TOP and BOTTOM
     ------------------------------------------------------------------

     Tool  Num     Size      +/- Tolerance     Plating   Quantity

     T01    1.   0.3302    0.0000/  0.0000      PLATED         23
     T02    2.   0.6350    0.0000/  0.0000      PLATED          6
     T03    3.   0.9144    0.0000/  0.0000      PLATED         35
     T04    4.   1.0668    0.0000/  0.0000      PLATED         25
     T05    5.   3.2000    0.0000/  0.0000  NON_PLATED          4

     ---- Total holes:                                         93

     ---- Total head travel:              3.64 feet (1.11 meters)

