(---------------------------------------------------------------------)
(                                                                     )
(    Allegro Netrev Import Logic                                      )
(                                                                     )
(    Drawing          : PROIECTTIE.brd                                )
(    Software Version : 16.6-2015S059                                 )
(    Date/Time        : Sat May 30 16:16:01 2020                      )
(                                                                     )
(---------------------------------------------------------------------)


------ Directives ------------

Ripup etch:                  No
Ripup delete first segment:  No
Ripup retain bondwire:       No
Ripup symbols:               Always
Missing symbol has error:    No
DRC update:                  Yes
Schematic directory:         'D:\ORCAD - PROIECTE\PROIECT TIE\allegro'
Design Directory:            '.'
Old design name:             'PROIECTTIE.brd'
New design name:             'PROIECTTIE.brd'

CmdLine: netrev.exe -y 1 -n -u -i D:\ORCAD - PROIECTE\PROIECT TIE\allegro D:\ORCAD - PROIECTE\PROIECT TIE\allegro\PROIECTTIE.brd D:\ORCAD - PROIECTE\PROIECT TIE\allegro\PROIECTTIE.brd

------ Preparing to read pst files ------

Starting to read D:/ORCAD - PROIECTE/PROIECT TIE/allegro/pstchip.dat 
   Finished reading D:/ORCAD - PROIECTE/PROIECT TIE/allegro/pstchip.dat (00:00:00.03)
Starting to read D:/ORCAD - PROIECTE/PROIECT TIE/allegro/pstxprt.dat 
   Finished reading D:/ORCAD - PROIECTE/PROIECT TIE/allegro/pstxprt.dat (00:00:00.00)
Starting to read D:/ORCAD - PROIECTE/PROIECT TIE/allegro/pstxnet.dat 
   Finished reading D:/ORCAD - PROIECTE/PROIECT TIE/allegro/pstxnet.dat (00:00:00.00)

------ Oversights/Warnings/Errors ------



Note: SECTION property definition created

------ Library Paths ------
MODULEPATH =  . 
           D:/OrCAD/share/local/pcb/modules 

PSMPATH =  . 
           symbols 
           .. 
           ../symbols 
           D:/OrCAD/share/local/pcb/symbols 
           D:/OrCAD/share/pcb/pcb_lib/symbols 
           D:/OrCAD/share/pcb/allegrolib/symbols 

PADPATH =  . 
           symbols 
           .. 
           ../symbols 
           D:/OrCAD/share/local/pcb/padstacks 
           D:/OrCAD/share/pcb/pcb_lib/symbols 
           D:/OrCAD/share/pcb/allegrolib/symbols 


------ Summary Statistics ------


netrev run on May 30 16:16:01 2020
   DESIGN NAME : 'PROIECTTIE'
   PACKAGING ON Aug  3 2015 18:16:55

   COMPILE 'logic'
   CHECK_PIN_NAMES OFF
   CROSS_REFERENCE OFF
   FEEDBACK OFF
   INCREMENTAL OFF
   INTERFACE_TYPE PHYSICAL
   MAX_ERRORS 500
   MERGE_MINIMUM 5
   NET_NAME_CHARS '#%&()*+-./:=>?@[]^_`|'
   NET_NAME_LENGTH 24
   OVERSIGHTS ON
   REPLACE_CHECK OFF
   SINGLE_NODE_NETS ON
   SPLIT_MINIMUM 0
   SUPPRESS   20
   WARNINGS ON

 No error detected
 No oversight detected
 No warning detected

cpu time      0:00:22
elapsed time  0:00:00

